<?xml version="1.0" encoding="UTF-8"?>
<testsuite xmlns:xsi="http://www.w3.org/2001/XMLSchema-instance" xsi:noNamespaceSchemaLocation="https://maven.apache.org/surefire/maven-surefire-plugin/xsd/surefire-test-report-3.0.xsd" version="3.0" name="com.workflow.engine.WorkflowEngineTest" time="0.007" tests="12" errors="0" skipped="0" failures="0">
  <properties>
[...]
</properties>
  <testcase name="retryPolicy_delayFor_clampsOverflowToMaxDelay" classname="com.workflow.engine.WorkflowEngineTest" time="0.0"/>
  <testcase name="exponentialBackoff_isCappedAtMaxDelay" classname="com.workflow.engine.WorkflowEngineTest" time="0.001"/>
  <testcase name="retryPolicy_rejectsInvalidConfig" classname="com.workflow.engine.WorkflowEngineTest" time="0.002"/>
  <testcase name="builder_rejectsDuplicateStepNames" classname="com.workflow.engine.WorkflowEngineTest" time="0.0"/>
  <testcase name="happyPath_runsStepsInOrder_andSharesContext" classname="com.workflow.engine.WorkflowEngineTest" time="0.001"/>
  <testcase name="exponentialBackoff_withMultiplierOne_behavesLikeFixedDelay" classname="com.workflow.engine.WorkflowEngineTest" time="0.0"/>
  <testcase name="interruptedStep_isNotRetried_andFailsImmediately" classname="com.workflow.engine.WorkflowEngineTest" time="0.001"/>
  <testcase name="exponentialBackoff_delaysGrowGeometrically_untilSuccess" classname="com.workflow.engine.WorkflowEngineTest" time="0.0"/>
  <testcase name="failure_exhaustsRetries_stopsWorkflow_andReportsCause" classname="com.workflow.engine.WorkflowEngineTest" time="0.0"/>
  <testcase name="initialContext_isReadableByFirstStep" classname="com.workflow.engine.WorkflowEngineTest" time="0.0"/>
  <testcase name="retryPolicyNone_failsOnFirstException_withoutSleeping" classname="com.workflow.engine.WorkflowEngineTest" time="0.0"/>
  <testcase name="retry_succeedsWithinBudget_recordsAttemptsAndDelays" classname="com.workflow.engine.WorkflowEngineTest" time="0.001"/>
</testsuite>